Traceback (most recent call last):
  File "/home/runner/work/sparse-ir-tutorial-v2/sparse-ir-tutorial-v2/.venv/lib/python3.13/site-packages/jupyter_cache/executors/utils.py", line 58, in single_nb_execution
    executenb(
    ~~~~~~~~~^
        nb,
        ^^^
    ...<4 lines>...
        **kwargs,
        ^^^^^^^^^
    )
    ^
  File "/home/runner/work/sparse-ir-tutorial-v2/sparse-ir-tutorial-v2/.venv/lib/python3.13/site-packages/nbclient/client.py", line 1319, in execute
    return NotebookClient(nb=nb, resources=resources, km=km, **kwargs).execute()
           ~~~~~~~~~~~~~~~~~~~~~~~~~~~~~~~~~~~~~~~~~~~~~~~~~~~~~~~~~~~~~~~~~~~^^
  File "/home/runner/work/sparse-ir-tutorial-v2/sparse-ir-tutorial-v2/.venv/lib/python3.13/site-packages/jupyter_core/utils/__init__.py", line 165, in wrapped
    return loop.run_until_complete(inner)
           ~~~~~~~~~~~~~~~~~~~~~~~^^^^^^^
  File "/opt/hostedtoolcache/Python/3.13.11/x64/lib/python3.13/asyncio/base_events.py", line 725, in run_until_complete
    return future.result()
           ~~~~~~~~~~~~~^^
  File "/home/runner/work/sparse-ir-tutorial-v2/sparse-ir-tutorial-v2/.venv/lib/python3.13/site-packages/nbclient/client.py", line 709, in async_execute
    await self.async_execute_cell(
        cell, index, execution_count=self.code_cells_executed + 1
    )
  File "/home/runner/work/sparse-ir-tutorial-v2/sparse-ir-tutorial-v2/.venv/lib/python3.13/site-packages/nbclient/client.py", line 1062, in async_execute_cell
    await self._check_raise_for_error(cell, cell_index, exec_reply)
  File "/home/runner/work/sparse-ir-tutorial-v2/sparse-ir-tutorial-v2/.venv/lib/python3.13/site-packages/nbclient/client.py", line 918, in _check_raise_for_error
    raise CellExecutionError.from_cell_and_msg(cell, exec_reply_content)
nbclient.exceptions.CellExecutionError: An error occurred while executing the following cell:
------------------
wmax = 1.0
lambda_ = 1e+4
beta = lambda_/wmax

basis = FiniteTempBasis(Fermionic(), beta, wmax, 1e-15)
print(length(basis))
------------------


UndefVarError: `FiniteTempBasis` not defined in `Main`
Suggestion: check for spelling errors or missing imports.

Stacktrace:
 [1] top-level scope
[90m   @[39m [90m[4mIn[2]:5[24m[39m
 [2] [0m[1meval[22m[0m[1m([22m[90mm[39m::[0mModule, [90me[39m::[0mAny[0m[1m)[22m
[90m   @[39m [90mCore[39m [90m./[39m[90m[4mboot.jl:489[24m[39m

