Traceback (most recent call last):
  File "/home/runner/work/sparse-ir-tutorial-v2/sparse-ir-tutorial-v2/.venv/lib/python3.13/site-packages/jupyter_cache/executors/utils.py", line 58, in single_nb_execution
    executenb(
    ~~~~~~~~~^
        nb,
        ^^^
    ...<4 lines>...
        **kwargs,
        ^^^^^^^^^
    )
    ^
  File "/home/runner/work/sparse-ir-tutorial-v2/sparse-ir-tutorial-v2/.venv/lib/python3.13/site-packages/nbclient/client.py", line 1319, in execute
    return NotebookClient(nb=nb, resources=resources, km=km, **kwargs).execute()
           ~~~~~~~~~~~~~~~~~~~~~~~~~~~~~~~~~~~~~~~~~~~~~~~~~~~~~~~~~~~~~~~~~~~^^
  File "/home/runner/work/sparse-ir-tutorial-v2/sparse-ir-tutorial-v2/.venv/lib/python3.13/site-packages/jupyter_core/utils/__init__.py", line 165, in wrapped
    return loop.run_until_complete(inner)
           ~~~~~~~~~~~~~~~~~~~~~~~^^^^^^^
  File "/opt/hostedtoolcache/Python/3.13.11/x64/lib/python3.13/asyncio/base_events.py", line 725, in run_until_complete
    return future.result()
           ~~~~~~~~~~~~~^^
  File "/home/runner/work/sparse-ir-tutorial-v2/sparse-ir-tutorial-v2/.venv/lib/python3.13/site-packages/nbclient/client.py", line 709, in async_execute
    await self.async_execute_cell(
        cell, index, execution_count=self.code_cells_executed + 1
    )
  File "/home/runner/work/sparse-ir-tutorial-v2/sparse-ir-tutorial-v2/.venv/lib/python3.13/site-packages/nbclient/client.py", line 1062, in async_execute_cell
    await self._check_raise_for_error(cell, cell_index, exec_reply)
  File "/home/runner/work/sparse-ir-tutorial-v2/sparse-ir-tutorial-v2/.venv/lib/python3.13/site-packages/nbclient/client.py", line 918, in _check_raise_for_error
    raise CellExecutionError.from_cell_and_msg(cell, exec_reply_content)
nbclient.exceptions.CellExecutionError: An error occurred while executing the following cell:
------------------
using Plots
gr()
using LaTeXStrings

using FFTW
using LinearAlgebra
using Roots
using SparseIR
import SparseIR: Statistics, value, valueim

# Check if a given function called with given types is type stable
function typestable(@nospecialize(f), @nospecialize(t))
    v = code_typed(f, t)
    stable = true
    for vi in v
        for (name, ty) in zip(vi[1].slotnames, vi[1].slottypes)
            !(ty isa Type) && continue
            if ty === Any
                stable = false
                println("Type instability is detected! the variable is $(name) ::$ty")
            end
        end
    end
    return stable
end
------------------


  [36mCell[39m[36m [39m[32mIn[1][39m[32m, line 1[39m
[31m    [39m[31musing Plots[39m
          ^
[31mSyntaxError[39m[31m:[39m invalid syntax


