Traceback (most recent call last):
  File "/home/runner/work/sparse-ir-tutorial-v2/sparse-ir-tutorial-v2/.venv/lib/python3.13/site-packages/jupyter_cache/executors/utils.py", line 58, in single_nb_execution
    executenb(
    ~~~~~~~~~^
        nb,
        ^^^
    ...<4 lines>...
        **kwargs,
        ^^^^^^^^^
    )
    ^
  File "/home/runner/work/sparse-ir-tutorial-v2/sparse-ir-tutorial-v2/.venv/lib/python3.13/site-packages/nbclient/client.py", line 1319, in execute
    return NotebookClient(nb=nb, resources=resources, km=km, **kwargs).execute()
           ~~~~~~~~~~~~~~~~~~~~~~~~~~~~~~~~~~~~~~~~~~~~~~~~~~~~~~~~~~~~~~~~~~~^^
  File "/home/runner/work/sparse-ir-tutorial-v2/sparse-ir-tutorial-v2/.venv/lib/python3.13/site-packages/jupyter_core/utils/__init__.py", line 165, in wrapped
    return loop.run_until_complete(inner)
           ~~~~~~~~~~~~~~~~~~~~~~~^^^^^^^
  File "/opt/hostedtoolcache/Python/3.13.9/x64/lib/python3.13/asyncio/base_events.py", line 725, in run_until_complete
    return future.result()
           ~~~~~~~~~~~~~^^
  File "/home/runner/work/sparse-ir-tutorial-v2/sparse-ir-tutorial-v2/.venv/lib/python3.13/site-packages/nbclient/client.py", line 709, in async_execute
    await self.async_execute_cell(
        cell, index, execution_count=self.code_cells_executed + 1
    )
  File "/home/runner/work/sparse-ir-tutorial-v2/sparse-ir-tutorial-v2/.venv/lib/python3.13/site-packages/nbclient/client.py", line 1062, in async_execute_cell
    await self._check_raise_for_error(cell, cell_index, exec_reply)
  File "/home/runner/work/sparse-ir-tutorial-v2/sparse-ir-tutorial-v2/.venv/lib/python3.13/site-packages/nbclient/client.py", line 918, in _check_raise_for_error
    raise CellExecutionError.from_cell_and_msg(cell, exec_reply_content)
nbclient.exceptions.CellExecutionError: An error occurred while executing the following cell:
------------------
beta = 10.0
wmax = 10.0
basis = FiniteTempBasis(Fermionic(), beta, wmax, 1e-7)

rhol = [overlap(basis.v[l], rho, -wmax, wmax) for l in 1:length(basis)]
gl = - basis.s .* rhol

plot([abs.(rhol), abs.(gl)], yaxis=:log, ylims=(1e-5,1), marker=[:circle :diamond], line=nothing, xlabel=latexstring("l"), label=[latexstring("\\rho_l") latexstring("|g_l|")])
------------------


MethodError: no method matching overlap(::SparseIR.PiecewiseLegendrePoly, ::typeof(rho), ::Float64, ::Float64)
The function `overlap` exists, but no method is defined for this combination of argument types.

[0mClosest candidates are:
[0m  overlap(::SparseIR.PiecewiseLegendrePoly, ::F; rtol, return_error, maxevals, points) where F
[0m[90m   @[39m [36mSparseIR[39m [90m~/.julia/packages/SparseIR/Lrt2M/src/[39m[90m[4mpoly.jl:92[24m[39m
[0m  overlap([91m::SparseIR.PiecewiseLegendrePolyVector[39m, ::F; rtol, return_error) where F
[0m[90m   @[39m [36mSparseIR[39m [90m~/.julia/packages/SparseIR/Lrt2M/src/[39m[90m[4mpoly.jl:250[24m[39m


Stacktrace:
 [1] [0m[1m(::var"#2#3")[22m[0m[1m([22m[90ml[39m::[0mInt64[0m[1m)[22m
[90m   @[39m [35mMain[39m [90m./[39m[90m[4mnone:-1[24m[39m
 [2] [0m[1miterate[22m
[90m   @[39m [90m./[39m[90m[4mgenerator.jl:48[24m[39m[90m [inlined][39m
 [3] [0m[1mcollect[22m[0m[1m([22m[90mitr[39m::[0mBase.Generator[90m{UnitRange{Int64}, var"#2#3"}[39m[0m[1m)[22m
[90m   @[39m [90mBase[39m [90m./[39m[90m[4marray.jl:790[24m[39m
 [4] top-level scope
[90m   @[39m [90m[4mIn[4]:5[24m[39m
 [5] [0m[1meval[22m[0m[1m([22m[90mm[39m::[0mModule, [90me[39m::[0mAny[0m[1m)[22m
[90m   @[39m [90mCore[39m [90m./[39m[90m[4mboot.jl:489[24m[39m

